2018-08-28T08:06:58.597Z - normal: Load ~/.CocosCreator/settings.json
2018-08-28T08:06:58.602Z - normal: checking language setting...
2018-08-28T08:06:58.603Z - normal: Language: en
2018-08-28T08:06:59.603Z - success: protocol editor-framework registered
2018-08-28T08:06:59.604Z - success: protocol app registered
2018-08-28T08:06:59.604Z - success: protocol theme registered
2018-08-28T08:06:59.604Z - success: protocol packages registered
2018-08-28T08:06:59.604Z - success: protocol unpack registerred
2018-08-28T08:06:59.605Z - success: protocol disable-commonjs registerred
2018-08-28T08:06:59.704Z - normal: connected!
2018-08-28T08:06:59.709Z - normal: Check project /Users/alfredyang/Desktop/CardGame
2018-08-28T08:06:59.721Z - normal: Initializing Cocos2d
2018-08-28T08:06:59.892Z - normal: Initializing Asset Database
2018-08-28T08:06:59.934Z - success: protocol uuid registerred
2018-08-28T08:06:59.934Z - success: protocol db registerred
2018-08-28T08:06:59.934Z - success: protocol thumbnail registerred
2018-08-28T08:06:59.935Z - normal: Loading editor/builtin packages
2018-08-28T08:06:59.957Z - success: anysdk loaded
2018-08-28T08:07:00.081Z - success: assets loaded
2018-08-28T08:07:00.086Z - success: builder loaded
2018-08-28T08:07:00.089Z - success: cocos-analytics loaded
2018-08-28T08:07:00.094Z - success: console loaded
2018-08-28T08:07:00.099Z - success: hierarchy loaded
2018-08-28T08:07:00.106Z - success: inspector loaded
2018-08-28T08:07:00.107Z - success: keystore loaded
2018-08-28T08:07:00.114Z - success: node-library loaded
2018-08-28T08:07:00.117Z - success: package-asset loaded
2018-08-28T08:07:00.120Z - success: preferences loaded
2018-08-28T08:07:00.123Z - success: project-exporter loaded
2018-08-28T08:07:00.143Z - success: project-importer loaded
2018-08-28T08:07:00.148Z - success: project-settings loaded
2018-08-28T08:07:00.153Z - success: ui-kit loaded
2018-08-28T08:07:00.159Z - success: ui-grid loaded
2018-08-28T08:07:00.163Z - success: scene loaded
2018-08-28T08:07:00.165Z - success: sprite-editor loaded
2018-08-28T08:07:00.170Z - success: store loaded
2018-08-28T08:07:00.184Z - success: timeline loaded
2018-08-28T08:07:00.184Z - normal: Loading builtin packages
2018-08-28T08:07:00.188Z - success: asset-db-debugger loaded
2018-08-28T08:07:00.190Z - success: color-picker loaded
2018-08-28T08:07:00.194Z - success: package-manager loaded
2018-08-28T08:07:00.267Z - success: sdkbox loaded
2018-08-28T08:07:00.274Z - success: tester loaded
2018-08-28T08:07:00.279Z - success: ui-kit-preview-extra loaded
2018-08-28T08:07:00.283Z - success: ui-kit-preview loaded
2018-08-28T08:07:00.287Z - success: ui-tree loaded
2018-08-28T08:07:01.369Z - normal: Initializing project /Users/alfredyang/Desktop/CardGame
2018-08-28T08:07:01.371Z - normal: Loading packages
2018-08-28T08:07:01.387Z - warn: The profile of the panel (creator-luacpp-support) needs to be moved to the package root
2018-08-28T08:07:01.390Z - normal: [LuaCPP Support] version 0.3
2018-08-28T08:07:01.391Z - success: creator-luacpp-support loaded
2018-08-28T08:07:01.391Z - normal: Watching packages
2018-08-28T08:07:01.456Z - normal: Run Application
2018-08-28T08:07:02.018Z - success: preview server running at http://localhost:7456
2018-08-28T08:07:06.944Z - normal: 1.8.1
2018-08-28T08:07:07.341Z - warn: The 'type' attribute of 'doudizu.places' is undefined when loading script
2018-08-28T08:07:21.127Z - normal: Simulator: WORKAREA WIDTH 1920.00, HEIGHT 1035.00
2018-08-28T08:07:21.128Z - normal: Simulator: FRAME SCALE = 1.00
2018-08-28T08:07:21.250Z - normal: Simulator: 
2018-08-28T08:07:21.250Z - normal: Simulator: {
2018-08-28T08:07:21.251Z - normal: Simulator: 	gl.supports_OES_map_buffer: false
2018-08-28T08:07:21.251Z - normal: Simulator: 	gl.supports_vertex_array_object: true
2018-08-28T08:07:21.252Z - normal: Simulator: 	cocos2d.x.version: 1.7.0
2018-08-28T08:07:21.255Z - normal: Simulator: 	gl.vendor: Intel Inc.
2018-08-28T08:07:21.255Z - normal: Simulator: 	gl.supports_PVRTC: false
2018-08-28T08:07:21.256Z - normal: Simulator: 	gl.renderer: Intel HD Graphics 5000 OpenGL Engine
2018-08-28T08:07:21.258Z - normal: Simulator: 	cocos2d.x.compiled_with_profiler: false
2018-08-28T08:07:21.259Z - normal: Simulator: 	gl.max_texture_size: 16384
2018-08-28T08:07:21.259Z - normal: Simulator: 	gl.supports_ETC1: false
2018-08-28T08:07:21.259Z - normal: Simulator: 	gl.supports_BGRA8888: false
2018-08-28T08:07:21.260Z - normal: Simulator: 	cocos2d.x.build_type: DEBUG
2018-08-28T08:07:21.260Z - normal: Simulator: 	gl.max_texture_units: 16
2018-08-28T08:07:21.260Z - normal: Simulator: 	gl.supports_OES_packed_depth_stencil: false
2018-08-28T08:07:21.260Z - normal: Simulator: 	gl.supports_discard_framebuffer: false
2018-08-28T08:07:21.261Z - normal: Simulator: 	gl.supports_NPOT: true
2018-08-28T08:07:21.261Z - normal: Simulator: 	gl.version: 2.1 INTEL-10.36.19
2018-08-28T08:07:21.261Z - normal: Simulator: 	cocos2d.x.compiled_with_gl_state_cache: true
2018-08-28T08:07:21.262Z - normal: Simulator: 	gl.supports_OES_depth24: false
2018-08-28T08:07:21.262Z - normal: Simulator: }
2018-08-28T08:07:21.262Z - normal: Simulator: 
2018-08-28T08:07:21.262Z - normal: Simulator: 
2018-08-28T08:07:21.263Z - normal: Simulator: cocos2d: warning, Director::setProjection() failed because size is 0
2018-08-28T08:07:21.274Z - normal: Simulator: Project Config:
2018-08-28T08:07:21.275Z - normal: Simulator:     project dir: /Applications/CocosCreator.app/Contents/Resources/cocos2d-x/simulator/mac/Simulator.app/Contents/Resources/
2018-08-28T08:07:21.275Z - normal: Simulator:     writable path: $(PROJDIR)/
2018-08-28T08:07:21.275Z - normal: Simulator:     script file: $(PROJDIR)/main.js
2018-08-28T08:07:21.276Z - normal: Simulator:     frame size: 960 x 640
2018-08-28T08:07:21.276Z - normal: Simulator:     frame scale: 1.00
2018-08-28T08:07:21.276Z - normal: Simulator:     show console: NO
2018-08-28T08:07:21.277Z - normal: Simulator:     write debug log: NO ()
2018-08-28T08:07:21.277Z - normal: Simulator:     listen: 
2018-08-28T08:07:21.277Z - normal: Simulator:     debugger: none
2018-08-28T08:07:21.278Z - normal: Simulator:     add searching path:
2018-08-28T08:07:21.278Z - normal: Simulator: ------------------------------------------------
2018-08-28T08:07:21.278Z - normal: Simulator: LOAD Js FILE: main.js
2018-08-28T08:07:21.279Z - normal: Simulator: ------------------------------------------------
2018-08-28T08:07:21.279Z - normal: Simulator: Initializing JavaScriptCore 
2018-08-28T08:07:21.407Z - normal: Simulator: JS: Cocos2d-x-lite v1.7.0
2018-08-28T08:07:21.691Z - normal: Simulator: iShow!
2018-08-28T08:07:21.867Z - normal: Simulator: JS: InitScene: 2.842999999999961ms
2018-08-28T08:07:21.868Z - normal: Simulator: JS: AutoRelease: 0.1370000000000573ms
2018-08-28T08:07:21.868Z - normal: Simulator: JS: Destroy: 0.07400000000006912ms
2018-08-28T08:07:21.869Z - normal: Simulator: JS: AttachPersist: 0.010999999999967258ms
2018-08-28T08:07:21.874Z - normal: Simulator: JS: Activate: 6.971000000000004ms
2018-08-28T08:07:23.895Z - normal: Simulator: JS: create a player start
2018-08-28T08:07:23.903Z - normal: Simulator: ERROR: TypeError: undefined is not an object (evaluating 'element.resetCurPlayer'), location: assets/Script/Game/doudizu.js:107:36
2018-08-28T08:07:23.905Z - normal: Simulator: STACK:
2018-08-28T08:07:23.905Z - normal: Simulator: assets/Script/Game/doudizu.js:107:36
2018-08-28T08:07:23.906Z - normal: Simulator: fun@src/jsb_polyfill.js:32100:86
2018-08-28T08:07:23.906Z - normal: Simulator: fun@src/jsb_polyfill.js:32107:25
2018-08-28T08:07:23.907Z - normal: Simulator: Invoking schedule callback failed, where: cc.Scheduler.schedule
2018-08-28T08:07:23.907Z - normal: Simulator: JS: create other player
2018-08-28T08:07:23.909Z - normal: Simulator: ERROR: TypeError: undefined is not an object (evaluating 'element.resetCurPlayer'), location: assets/Script/Game/doudizu.js:84:40
2018-08-28T08:07:23.909Z - normal: Simulator: STACK:
2018-08-28T08:07:23.910Z - normal: Simulator: assets/Script/Game/doudizu.js:84:40
2018-08-28T08:07:23.910Z - normal: Simulator: fun@src/jsb_polyfill.js:32100:86
2018-08-28T08:07:23.910Z - normal: Simulator: fun@src/jsb_polyfill.js:32107:25
2018-08-28T08:07:23.911Z - normal: Simulator: Invoking schedule callback failed, where: cc.Scheduler.schedule
2018-08-28T08:07:23.911Z - normal: Simulator: JS: create a player start
2018-08-28T08:07:23.980Z - normal: Simulator: JS: [WARN]: Sorry, lineHeight of system font not supported on JSB.
2018-08-28T08:07:23.984Z - normal: Simulator: JS: [WARN]: Sorry, lineHeight of system font not supported on JSB.
2018-08-28T08:07:23.987Z - normal: Simulator: JS: [WARN]: Sorry, lineHeight of system font not supported on JSB.
2018-08-28T08:07:24.008Z - normal: Simulator: ERROR: TypeError: null is not an object (evaluating 'this.game.canStartGame'), location: assets/Script/Game/Place/place.js:84:26
2018-08-28T08:07:24.009Z - normal: Simulator: STACK:
2018-08-28T08:07:24.010Z - normal: Simulator: changeSTM@assets/Script/Game/Place/place.js:84:26
2018-08-28T08:07:24.010Z - normal: Simulator: resetCurPlayer@assets/Script/Game/Place/place.js:56:27
2018-08-28T08:07:24.011Z - normal: Simulator: assets/Script/Game/doudizu.js:107:51
2018-08-28T08:07:24.012Z - normal: Simulator: fun@src/jsb_polyfill.js:32100:86
2018-08-28T08:07:24.012Z - normal: Simulator: fun@src/jsb_polyfill.js:32107:25
2018-08-28T08:07:24.013Z - normal: Simulator: Invoking schedule callback failed, where: cc.Scheduler.schedule
2018-08-28T08:07:24.014Z - normal: Simulator: JS: create other player
2018-08-28T08:07:24.015Z - normal: Simulator: JS: [WARN]: Sorry, lineHeight of system font not supported on JSB.
2018-08-28T08:07:24.020Z - normal: Simulator: JS: [WARN]: Sorry, lineHeight of system font not supported on JSB.
2018-08-28T08:07:24.022Z - normal: Simulator: ERROR: TypeError: null is not an object (evaluating 'this.game.canStartGame'), location: assets/Script/Game/Place/place.js:84:26
2018-08-28T08:07:24.022Z - normal: Simulator: STACK:
2018-08-28T08:07:24.024Z - normal: Simulator: changeSTM@assets/Script/Game/Place/place.js:84:26
2018-08-28T08:07:24.025Z - normal: Simulator: resetCurPlayer@assets/Script/Game/Place/place.js:56:27
2018-08-28T08:07:24.026Z - normal: Simulator: assets/Script/Game/doudizu.js:84:55
2018-08-28T08:07:24.026Z - normal: Simulator: fun@src/jsb_polyfill.js:32100:86
2018-08-28T08:07:24.026Z - normal: Simulator: fun@src/jsb_polyfill.js:32107:25
2018-08-28T08:07:24.026Z - normal: Simulator: Invoking schedule callback failed, where: cc.Scheduler.schedule
2018-08-28T08:07:26.966Z - normal: Simulator: JS: me want to ready
2018-08-28T08:07:26.975Z - normal: Simulator: JS: [WARN]: Sorry, lineHeight of system font not supported on JSB.
2018-08-28T08:07:26.977Z - normal: Simulator: JS: [WARN]: Sorry, lineHeight of system font not supported on JSB.
2018-08-28T08:07:26.989Z - normal: Simulator: JS: [WARN]: Sorry, lineHeight of system font not supported on JSB.
2018-08-28T08:07:26.998Z - normal: Simulator: ERROR: TypeError: null is not an object (evaluating 'this.game.canStartGame'), location: assets/Script/Game/Place/place.js:84:26
2018-08-28T08:07:27.000Z - normal: Simulator: STACK:
2018-08-28T08:07:27.001Z - normal: Simulator: changeSTM@assets/Script/Game/Place/place.js:84:26
2018-08-28T08:07:27.001Z - normal: Simulator: readyBtnClicked@assets/Script/Game/Place/menotready.js:32:30
2018-08-28T08:07:27.001Z - normal: Simulator: emit@src/jsb_polyfill.js:9200:24
2018-08-28T08:07:27.002Z - normal: Simulator: emitEvents@src/jsb_polyfill.js:9185:25
2018-08-28T08:07:27.002Z - normal: Simulator: _onTouchEnded@src/jsb_polyfill.js:8769:49
2018-08-28T08:07:27.002Z - normal: Simulator: invoke@src/jsb_polyfill.js:14257:28
2018-08-28T08:07:27.002Z - normal: Simulator: _doDispatchEvent@src/jsb_polyfill.js:14303:109
2018-08-28T08:07:27.002Z - normal: Simulator: dispatchEvent@src/jsb_polyfill.js:14420:25
2018-08-28T08:07:27.003Z - normal: Simulator: _touchEndHandler@src/jsb_polyfill.js:5532:27
2018-08-28T08:07:27.004Z - normal: Simulator: jsb: ERROR: File /Users/nantas/fireball-x/fireball_1.7.1/cocos2d-x-lite/cocos/scripting/js-bindings/manual/jsb_cocos2dx_manual.cpp: Line: 460, Function: invokeJSTouchOneByOneCallback
2018-08-28T08:07:27.004Z - normal: Simulator: invokeJSTouchOneByOneCallback call function failed!
2018-08-28T08:07:28.114Z - normal: Simulator: JS: me ready cancel the status
2018-08-28T08:07:28.120Z - normal: Simulator: JS: [WARN]: Sorry, lineHeight of system font not supported on JSB.
2018-08-28T08:07:28.121Z - normal: Simulator: JS: [WARN]: Sorry, lineHeight of system font not supported on JSB.
2018-08-28T08:07:28.122Z - normal: Simulator: JS: [WARN]: Sorry, lineHeight of system font not supported on JSB.
2018-08-28T08:07:28.139Z - normal: Simulator: ERROR: TypeError: null is not an object (evaluating 'this.game.canStartGame'), location: assets/Script/Game/Place/place.js:84:26
2018-08-28T08:07:28.139Z - normal: Simulator: STACK:
2018-08-28T08:07:28.139Z - normal: Simulator: changeSTM@assets/Script/Game/Place/place.js:84:26
2018-08-28T08:07:28.140Z - normal: Simulator: cancelBtnClicked@assets/Script/Game/Place/meready.js:32:30
2018-08-28T08:07:28.140Z - normal: Simulator: emit@src/jsb_polyfill.js:9200:24
2018-08-28T08:07:28.140Z - normal: Simulator: emitEvents@src/jsb_polyfill.js:9185:25
2018-08-28T08:07:28.140Z - normal: Simulator: _onTouchEnded@src/jsb_polyfill.js:8769:49
2018-08-28T08:07:28.141Z - normal: Simulator: invoke@src/jsb_polyfill.js:14257:28
2018-08-28T08:07:28.141Z - normal: Simulator: _doDispatchEvent@src/jsb_polyfill.js:14303:109
2018-08-28T08:07:28.141Z - normal: Simulator: dispatchEvent@src/jsb_polyfill.js:14420:25
2018-08-28T08:07:28.142Z - normal: Simulator: _touchEndHandler@src/jsb_polyfill.js:5532:27
2018-08-28T08:07:28.143Z - normal: Simulator: jsb: ERROR: File /Users/nantas/fireball-x/fireball_1.7.1/cocos2d-x-lite/cocos/scripting/js-bindings/manual/jsb_cocos2dx_manual.cpp: Line: 460, Function: invokeJSTouchOneByOneCallback
2018-08-28T08:07:28.143Z - normal: Simulator: invokeJSTouchOneByOneCallback call function failed!
2018-08-28T08:07:29.501Z - normal: Simulator: ScriptEngine::cleanup begin ...
2018-08-28T08:07:29.501Z - normal: Simulator: GC begin ..., (Native -> JS map) count: 163
2018-08-28T08:07:29.511Z - normal: Simulator: GC end ..., (Native -> JS map) count: 138
2018-08-28T08:07:29.512Z - normal: Simulator: GC begin ..., (Native -> JS map) count: 138
2018-08-28T08:07:29.538Z - normal: Simulator: GC end ..., (Native -> JS map) count: 138
2018-08-28T08:07:29.539Z - normal: Simulator: GC begin ..., (Native -> JS map) count: 138
2018-08-28T08:07:29.540Z - normal: Simulator: GC end ..., (Native -> JS map) count: 138
2018-08-28T08:07:29.552Z - normal: Simulator: ScriptEngine::cleanup end ...
2018-08-28T08:08:46.797Z - normal: Simulator: WORKAREA WIDTH 1920.00, HEIGHT 1035.00
2018-08-28T08:08:46.799Z - normal: Simulator: FRAME SCALE = 1.00
2018-08-28T08:08:46.902Z - normal: Simulator: 
2018-08-28T08:08:46.902Z - normal: Simulator: {
2018-08-28T08:08:46.902Z - normal: Simulator: 	gl.supports_OES_map_buffer: false
2018-08-28T08:08:46.903Z - normal: Simulator: 	gl.supports_vertex_array_object: true
2018-08-28T08:08:46.903Z - normal: Simulator: 	cocos2d.x.version: 1.7.0
2018-08-28T08:08:46.903Z - normal: Simulator: 	gl.vendor: Intel Inc.
2018-08-28T08:08:46.903Z - normal: Simulator: 	gl.supports_PVRTC: false
2018-08-28T08:08:46.904Z - normal: Simulator: 	gl.renderer: Intel HD Graphics 5000 OpenGL Engine
2018-08-28T08:08:46.904Z - normal: Simulator: 	cocos2d.x.compiled_with_profiler: false
2018-08-28T08:08:46.904Z - normal: Simulator: 	gl.max_texture_size: 16384
2018-08-28T08:08:46.904Z - normal: Simulator: 	gl.supports_ETC1: false
2018-08-28T08:08:46.904Z - normal: Simulator: 	gl.supports_BGRA8888: false
2018-08-28T08:08:46.905Z - normal: Simulator: 	cocos2d.x.build_type: DEBUG
2018-08-28T08:08:46.905Z - normal: Simulator: 	gl.max_texture_units: 16
2018-08-28T08:08:46.905Z - normal: Simulator: 	gl.supports_OES_packed_depth_stencil: false
2018-08-28T08:08:46.905Z - normal: Simulator: 	gl.supports_discard_framebuffer: false
2018-08-28T08:08:46.906Z - normal: Simulator: 	gl.supports_NPOT: true
2018-08-28T08:08:46.906Z - normal: Simulator: 	gl.version: 2.1 INTEL-10.36.19
2018-08-28T08:08:46.906Z - normal: Simulator: 	cocos2d.x.compiled_with_gl_state_cache: true
2018-08-28T08:08:46.906Z - normal: Simulator: 	gl.supports_OES_depth24: false
2018-08-28T08:08:46.907Z - normal: Simulator: }
2018-08-28T08:08:46.907Z - normal: Simulator: 
2018-08-28T08:08:46.907Z - normal: Simulator: 
2018-08-28T08:08:46.907Z - normal: Simulator: cocos2d: warning, Director::setProjection() failed because size is 0
2018-08-28T08:08:46.933Z - normal: Simulator: Project Config:
2018-08-28T08:08:46.933Z - normal: Simulator:     project dir: /Applications/CocosCreator.app/Contents/Resources/cocos2d-x/simulator/mac/Simulator.app/Contents/Resources/
2018-08-28T08:08:46.933Z - normal: Simulator:     writable path: $(PROJDIR)/
2018-08-28T08:08:46.934Z - normal: Simulator:     script file: $(PROJDIR)/main.js
2018-08-28T08:08:46.935Z - normal: Simulator:     frame size: 960 x 640
2018-08-28T08:08:46.935Z - normal: Simulator:     frame scale: 1.00
2018-08-28T08:08:46.935Z - normal: Simulator:     show console: NO
2018-08-28T08:08:46.936Z - normal: Simulator:     write debug log: NO ()
2018-08-28T08:08:46.936Z - normal: Simulator:     listen: 
2018-08-28T08:08:46.937Z - normal: Simulator:     debugger: none
2018-08-28T08:08:46.937Z - normal: Simulator:     add searching path:
2018-08-28T08:08:46.937Z - normal: Simulator: ------------------------------------------------
2018-08-28T08:08:46.937Z - normal: Simulator: LOAD Js FILE: main.js
2018-08-28T08:08:46.938Z - normal: Simulator: ------------------------------------------------
2018-08-28T08:08:46.938Z - normal: Simulator: Initializing JavaScriptCore 
2018-08-28T08:08:47.043Z - normal: Simulator: JS: Cocos2d-x-lite v1.7.0
2018-08-28T08:08:47.428Z - normal: Simulator: iShow!
2018-08-28T08:08:47.629Z - normal: Simulator: JS: InitScene: 3.116999999999962ms
2018-08-28T08:08:47.630Z - normal: Simulator: JS: AutoRelease: 0.2899999999999636ms
2018-08-28T08:08:47.630Z - normal: Simulator: JS: Destroy: 0.09799999999995634ms
2018-08-28T08:08:47.631Z - normal: Simulator: JS: AttachPersist: 0.007999999999924512ms
2018-08-28T08:08:47.647Z - normal: Simulator: JS: Activate: 8.938000000000102ms
2018-08-28T08:08:49.653Z - normal: Simulator: JS: create a player start
2018-08-28T08:08:49.658Z - normal: Simulator: ERROR: TypeError: undefined is not an object (evaluating 'element.resetCurPlayer'), location: assets/Script/Game/doudizu.js:107:36
2018-08-28T08:08:49.659Z - normal: Simulator: STACK:
2018-08-28T08:08:49.659Z - normal: Simulator: assets/Script/Game/doudizu.js:107:36
2018-08-28T08:08:49.660Z - normal: Simulator: fun@src/jsb_polyfill.js:32100:86
2018-08-28T08:08:49.660Z - normal: Simulator: fun@src/jsb_polyfill.js:32107:25
2018-08-28T08:08:49.660Z - normal: Simulator: Invoking schedule callback failed, where: cc.Scheduler.schedule
2018-08-28T08:08:49.660Z - normal: Simulator: JS: create other player
2018-08-28T08:08:49.663Z - normal: Simulator: ERROR: TypeError: undefined is not an object (evaluating 'element.resetCurPlayer'), location: assets/Script/Game/doudizu.js:84:40
2018-08-28T08:08:49.664Z - normal: Simulator: STACK:
2018-08-28T08:08:49.664Z - normal: Simulator: assets/Script/Game/doudizu.js:84:40
2018-08-28T08:08:49.665Z - normal: Simulator: fun@src/jsb_polyfill.js:32100:86
2018-08-28T08:08:49.665Z - normal: Simulator: fun@src/jsb_polyfill.js:32107:25
2018-08-28T08:08:49.666Z - normal: Simulator: Invoking schedule callback failed, where: cc.Scheduler.schedule
2018-08-28T08:08:49.666Z - normal: Simulator: JS: create a player start
2018-08-28T08:08:49.756Z - normal: Simulator: JS: [WARN]: Sorry, lineHeight of system font not supported on JSB.
2018-08-28T08:08:49.756Z - normal: Simulator: JS: [WARN]: Sorry, lineHeight of system font not supported on JSB.
2018-08-28T08:08:49.758Z - normal: Simulator: JS: [WARN]: Sorry, lineHeight of system font not supported on JSB.
2018-08-28T08:08:49.767Z - normal: Simulator: ERROR: TypeError: undefined is not an object (evaluating 'this.game.canStartGame'), location: assets/Script/Game/Place/place.js:85:26
2018-08-28T08:08:49.768Z - normal: Simulator: STACK:
2018-08-28T08:08:49.770Z - normal: Simulator: changeSTM@assets/Script/Game/Place/place.js:85:26
2018-08-28T08:08:49.771Z - normal: Simulator: resetCurPlayer@assets/Script/Game/Place/place.js:57:27
2018-08-28T08:08:49.771Z - normal: Simulator: assets/Script/Game/doudizu.js:107:51
2018-08-28T08:08:49.772Z - normal: Simulator: fun@src/jsb_polyfill.js:32100:86
2018-08-28T08:08:49.772Z - normal: Simulator: fun@src/jsb_polyfill.js:32107:25
2018-08-28T08:08:49.773Z - normal: Simulator: Invoking schedule callback failed, where: cc.Scheduler.schedule
2018-08-28T08:08:49.773Z - normal: Simulator: JS: create other player
2018-08-28T08:08:49.774Z - normal: Simulator: JS: [WARN]: Sorry, lineHeight of system font not supported on JSB.
2018-08-28T08:08:49.774Z - normal: Simulator: JS: [WARN]: Sorry, lineHeight of system font not supported on JSB.
2018-08-28T08:08:49.775Z - normal: Simulator: ERROR: TypeError: undefined is not an object (evaluating 'this.game.canStartGame'), location: assets/Script/Game/Place/place.js:85:26
2018-08-28T08:08:49.775Z - normal: Simulator: STACK:
2018-08-28T08:08:49.776Z - normal: Simulator: changeSTM@assets/Script/Game/Place/place.js:85:26
2018-08-28T08:08:49.776Z - normal: Simulator: resetCurPlayer@assets/Script/Game/Place/place.js:57:27
2018-08-28T08:08:49.776Z - normal: Simulator: assets/Script/Game/doudizu.js:84:55
2018-08-28T08:08:49.777Z - normal: Simulator: fun@src/jsb_polyfill.js:32100:86
2018-08-28T08:08:49.778Z - normal: Simulator: fun@src/jsb_polyfill.js:32107:25
2018-08-28T08:08:49.778Z - normal: Simulator: Invoking schedule callback failed, where: cc.Scheduler.schedule
2018-08-28T08:08:54.591Z - normal: Simulator: ScriptEngine::cleanup begin ...
2018-08-28T08:08:54.592Z - normal: Simulator: GC begin ..., (Native -> JS map) count: 113
2018-08-28T08:08:54.612Z - normal: Simulator: GC end ..., (Native -> JS map) count: 102
2018-08-28T08:08:54.612Z - normal: Simulator: GC begin ..., (Native -> JS map) count: 102
2018-08-28T08:08:54.613Z - normal: Simulator: GC end ..., (Native -> JS map) count: 102
2018-08-28T08:08:54.613Z - normal: Simulator: GC begin ..., (Native -> JS map) count: 102
2018-08-28T08:08:54.614Z - normal: Simulator: GC end ..., (Native -> JS map) count: 102
2018-08-28T08:08:54.680Z - normal: Simulator: ScriptEngine::cleanup end ...
2018-08-28T08:09:30.202Z - normal: Simulator: WORKAREA WIDTH 1920.00, HEIGHT 1035.00
2018-08-28T08:09:30.203Z - normal: Simulator: FRAME SCALE = 1.00
2018-08-28T08:09:30.311Z - normal: Simulator: 
2018-08-28T08:09:30.312Z - normal: Simulator: {
2018-08-28T08:09:30.312Z - normal: Simulator: 	gl.supports_OES_map_buffer: false
2018-08-28T08:09:30.312Z - normal: Simulator: 	gl.supports_vertex_array_object: true
2018-08-28T08:09:30.313Z - normal: Simulator: 	cocos2d.x.version: 1.7.0
2018-08-28T08:09:30.313Z - normal: Simulator: 	gl.vendor: Intel Inc.
2018-08-28T08:09:30.314Z - normal: Simulator: 	gl.supports_PVRTC: false
2018-08-28T08:09:30.314Z - normal: Simulator: 	gl.renderer: Intel HD Graphics 5000 OpenGL Engine
2018-08-28T08:09:30.314Z - normal: Simulator: 	cocos2d.x.compiled_with_profiler: false
2018-08-28T08:09:30.315Z - normal: Simulator: 	gl.max_texture_size: 16384
2018-08-28T08:09:30.315Z - normal: Simulator: 	gl.supports_ETC1: false
2018-08-28T08:09:30.315Z - normal: Simulator: 	gl.supports_BGRA8888: false
2018-08-28T08:09:30.315Z - normal: Simulator: 	cocos2d.x.build_type: DEBUG
2018-08-28T08:09:30.316Z - normal: Simulator: 	gl.max_texture_units: 16
2018-08-28T08:09:30.316Z - normal: Simulator: 	gl.supports_OES_packed_depth_stencil: false
2018-08-28T08:09:30.316Z - normal: Simulator: 	gl.supports_discard_framebuffer: false
2018-08-28T08:09:30.316Z - normal: Simulator: 	gl.supports_NPOT: true
2018-08-28T08:09:30.317Z - normal: Simulator: 	gl.version: 2.1 INTEL-10.36.19
2018-08-28T08:09:30.317Z - normal: Simulator: 	cocos2d.x.compiled_with_gl_state_cache: true
2018-08-28T08:09:30.317Z - normal: Simulator: 	gl.supports_OES_depth24: false
2018-08-28T08:09:30.317Z - normal: Simulator: }
2018-08-28T08:09:30.317Z - normal: Simulator: 
2018-08-28T08:09:30.318Z - normal: Simulator: 
2018-08-28T08:09:30.318Z - normal: Simulator: cocos2d: warning, Director::setProjection() failed because size is 0
2018-08-28T08:09:30.351Z - normal: Simulator: Project Config:
2018-08-28T08:09:30.351Z - normal: Simulator:     project dir: /Applications/CocosCreator.app/Contents/Resources/cocos2d-x/simulator/mac/Simulator.app/Contents/Resources/
2018-08-28T08:09:30.352Z - normal: Simulator:     writable path: $(PROJDIR)/
2018-08-28T08:09:30.354Z - normal: Simulator:     script file: $(PROJDIR)/main.js
2018-08-28T08:09:30.355Z - normal: Simulator:     frame size: 960 x 640
2018-08-28T08:09:30.356Z - normal: Simulator:     frame scale: 1.00
2018-08-28T08:09:30.357Z - normal: Simulator:     show console: NO
2018-08-28T08:09:30.358Z - normal: Simulator:     write debug log: NO ()
2018-08-28T08:09:30.359Z - normal: Simulator:     listen: 
2018-08-28T08:09:30.359Z - normal: Simulator:     debugger: none
2018-08-28T08:09:30.359Z - normal: Simulator:     add searching path:
2018-08-28T08:09:30.362Z - normal: Simulator: ------------------------------------------------
2018-08-28T08:09:30.365Z - normal: Simulator: LOAD Js FILE: main.js
2018-08-28T08:09:30.368Z - normal: Simulator: ------------------------------------------------
2018-08-28T08:09:30.368Z - normal: Simulator: Initializing JavaScriptCore 
2018-08-28T08:09:30.498Z - normal: Simulator: JS: Cocos2d-x-lite v1.7.0
2018-08-28T08:09:30.856Z - normal: Simulator: iShow!
2018-08-28T08:09:31.074Z - normal: Simulator: JS: InitScene: 2.9529999999999745ms
2018-08-28T08:09:31.076Z - normal: Simulator: JS: AutoRelease: 0.16999999999995907ms
2018-08-28T08:09:31.076Z - normal: Simulator: JS: Destroy: 0.08399999999994634ms
2018-08-28T08:09:31.076Z - normal: Simulator: JS: AttachPersist: 0.014000000000010004ms
2018-08-28T08:09:31.081Z - normal: Simulator: JS: Activate: 7.300000000000068ms
2018-08-28T08:09:33.102Z - normal: Simulator: JS: create a player start
2018-08-28T08:09:33.109Z - normal: Simulator: ERROR: TypeError: undefined is not an object (evaluating 'element.resetCurPlayer'), location: assets/Script/Game/doudizu.js:107:36
2018-08-28T08:09:33.109Z - normal: Simulator: STACK:
2018-08-28T08:09:33.110Z - normal: Simulator: assets/Script/Game/doudizu.js:107:36
2018-08-28T08:09:33.110Z - normal: Simulator: fun@src/jsb_polyfill.js:32100:86
2018-08-28T08:09:33.111Z - normal: Simulator: fun@src/jsb_polyfill.js:32107:25
2018-08-28T08:09:33.111Z - normal: Simulator: Invoking schedule callback failed, where: cc.Scheduler.schedule
2018-08-28T08:09:33.112Z - normal: Simulator: JS: create other player
2018-08-28T08:09:33.115Z - normal: Simulator: ERROR: TypeError: undefined is not an object (evaluating 'element.resetCurPlayer'), location: assets/Script/Game/doudizu.js:84:40
2018-08-28T08:09:33.115Z - normal: Simulator: STACK:
2018-08-28T08:09:33.116Z - normal: Simulator: assets/Script/Game/doudizu.js:84:40
2018-08-28T08:09:33.116Z - normal: Simulator: fun@src/jsb_polyfill.js:32100:86
2018-08-28T08:09:33.117Z - normal: Simulator: fun@src/jsb_polyfill.js:32107:25
2018-08-28T08:09:33.117Z - normal: Simulator: Invoking schedule callback failed, where: cc.Scheduler.schedule
2018-08-28T08:09:33.117Z - normal: Simulator: JS: create a player start
2018-08-28T08:09:33.190Z - normal: Simulator: JS: [WARN]: Sorry, lineHeight of system font not supported on JSB.
2018-08-28T08:09:33.191Z - normal: Simulator: JS: [WARN]: Sorry, lineHeight of system font not supported on JSB.
2018-08-28T08:09:33.194Z - normal: Simulator: JS: [WARN]: Sorry, lineHeight of system font not supported on JSB.
2018-08-28T08:09:33.198Z - normal: Simulator: JS: create other player
2018-08-28T08:09:33.215Z - normal: Simulator: JS: [WARN]: Sorry, lineHeight of system font not supported on JSB.
2018-08-28T08:09:33.215Z - normal: Simulator: JS: [WARN]: Sorry, lineHeight of system font not supported on JSB.
2018-08-28T08:09:33.216Z - normal: Simulator: JS: [WARN]: Sorry, lineHeight of system font not supported on JSB.
2018-08-28T08:09:33.219Z - normal: Simulator: JS: [WARN]: Sorry, lineHeight of system font not supported on JSB.
2018-08-28T08:09:35.070Z - normal: Simulator: JS: me want to ready
2018-08-28T08:09:35.079Z - normal: Simulator: JS: [WARN]: Sorry, lineHeight of system font not supported on JSB.
2018-08-28T08:09:35.081Z - normal: Simulator: JS: [WARN]: Sorry, lineHeight of system font not supported on JSB.
2018-08-28T08:09:35.093Z - normal: Simulator: JS: [WARN]: Sorry, lineHeight of system font not supported on JSB.
2018-08-28T08:09:36.571Z - normal: Simulator: JS: me ready cancel the status
2018-08-28T08:09:36.576Z - normal: Simulator: JS: [WARN]: Sorry, lineHeight of system font not supported on JSB.
2018-08-28T08:09:36.578Z - normal: Simulator: JS: [WARN]: Sorry, lineHeight of system font not supported on JSB.
2018-08-28T08:09:36.580Z - normal: Simulator: JS: [WARN]: Sorry, lineHeight of system font not supported on JSB.
2018-08-28T08:09:37.547Z - normal: Simulator: ScriptEngine::cleanup begin ...
2018-08-28T08:09:37.549Z - normal: Simulator: GC begin ..., (Native -> JS map) count: 176
2018-08-28T08:09:37.560Z - normal: Simulator: GC end ..., (Native -> JS map) count: 147
2018-08-28T08:09:37.560Z - normal: Simulator: GC begin ..., (Native -> JS map) count: 147
2018-08-28T08:09:37.566Z - normal: Simulator: GC end ..., (Native -> JS map) count: 147
2018-08-28T08:09:37.566Z - normal: Simulator: GC begin ..., (Native -> JS map) count: 147
2018-08-28T08:09:37.586Z - normal: Simulator: GC end ..., (Native -> JS map) count: 147
2018-08-28T08:09:37.638Z - normal: Simulator: ScriptEngine::cleanup end ...
2018-08-28T08:09:45.087Z - info: shutdown preview server
